[2023-09-25 21:47:54,898 WARNING] Corpus corpus_1's weight should be given. We default it to 1 for you.
[2023-09-25 21:47:54,899 INFO] Parsed 2 corpora from -data.
[2023-09-25 21:47:54,900 INFO] Get special vocabs from Transforms: {'src': [], 'tgt': []}.
[2023-09-25 21:47:55,244 INFO] The first 10 tokens of the vocabs are:['<unk>', '<blank>', '<s>', '</s>', '▁', '▁de', '-', 's', '▁van', '▁het']
[2023-09-25 21:47:55,245 INFO] The decoder start token is: <s>
[2023-09-25 21:47:55,246 INFO] Building model...
[2023-09-25 21:47:56,890 INFO] Switching model to float32 for amp/apex_amp
[2023-09-25 21:47:56,891 INFO] Non quantized layer compute is fp16
[2023-09-25 21:47:57,138 INFO] NMTModel(
  (encoder): TransformerEncoder(
    (embeddings): Embeddings(
      (make_embedding): Sequential(
        (emb_luts): Elementwise(
          (0): Embedding(50000, 512, padding_idx=1)
        )
        (pe): PositionalEncoding()
      )
      (dropout): Dropout(p=0.1, inplace=False)
    )
    (transformer): ModuleList(
      (0-5): 6 x TransformerEncoderLayer(
        (self_attn): MultiHeadedAttention(
          (linear_keys): Linear(in_features=512, out_features=512, bias=False)
          (linear_values): Linear(in_features=512, out_features=512, bias=False)
          (linear_query): Linear(in_features=512, out_features=512, bias=False)
          (softmax): Softmax(dim=-1)
          (dropout): Dropout(p=0.1, inplace=False)
          (final_linear): Linear(in_features=512, out_features=512, bias=False)
        )
        (feed_forward): PositionwiseFeedForward(
          (w_1): Linear(in_features=512, out_features=2048, bias=False)
          (w_2): Linear(in_features=2048, out_features=512, bias=False)
          (layer_norm): LayerNorm((512,), eps=1e-06, elementwise_affine=True)
          (dropout_1): Dropout(p=0.1, inplace=False)
          (dropout_2): Dropout(p=0.1, inplace=False)
        )
        (layer_norm): LayerNorm((512,), eps=1e-06, elementwise_affine=True)
        (dropout): Dropout(p=0.1, inplace=False)
      )
    )
    (layer_norm): LayerNorm((512,), eps=1e-06, elementwise_affine=True)
  )
  (decoder): TransformerDecoder(
    (embeddings): Embeddings(
      (make_embedding): Sequential(
        (emb_luts): Elementwise(
          (0): Embedding(50000, 512, padding_idx=1)
        )
        (pe): PositionalEncoding()
      )
      (dropout): Dropout(p=0.1, inplace=False)
    )
    (layer_norm): LayerNorm((512,), eps=1e-06, elementwise_affine=True)
    (transformer_layers): ModuleList(
      (0-5): 6 x TransformerDecoderLayer(
        (self_attn): MultiHeadedAttention(
          (linear_keys): Linear(in_features=512, out_features=512, bias=False)
          (linear_values): Linear(in_features=512, out_features=512, bias=False)
          (linear_query): Linear(in_features=512, out_features=512, bias=False)
          (softmax): Softmax(dim=-1)
          (dropout): Dropout(p=0.1, inplace=False)
          (final_linear): Linear(in_features=512, out_features=512, bias=False)
        )
        (feed_forward): PositionwiseFeedForward(
          (w_1): Linear(in_features=512, out_features=2048, bias=False)
          (w_2): Linear(in_features=2048, out_features=512, bias=False)
          (layer_norm): LayerNorm((512,), eps=1e-06, elementwise_affine=True)
          (dropout_1): Dropout(p=0.1, inplace=False)
          (dropout_2): Dropout(p=0.1, inplace=False)
        )
        (layer_norm_1): LayerNorm((512,), eps=1e-06, elementwise_affine=True)
        (dropout): Dropout(p=0.1, inplace=False)
        (context_attn): MultiHeadedAttention(
          (linear_keys): Linear(in_features=512, out_features=512, bias=False)
          (linear_values): Linear(in_features=512, out_features=512, bias=False)
          (linear_query): Linear(in_features=512, out_features=512, bias=False)
          (softmax): Softmax(dim=-1)
          (dropout): Dropout(p=0.1, inplace=False)
          (final_linear): Linear(in_features=512, out_features=512, bias=False)
        )
        (layer_norm_2): LayerNorm((512,), eps=1e-06, elementwise_affine=True)
      )
    )
  )
  (generator): Linear(in_features=512, out_features=50000, bias=True)
)
[2023-09-25 21:47:57,141 INFO] encoder: 44487680
[2023-09-25 21:47:57,141 INFO] decoder: 76435280
[2023-09-25 21:47:57,141 INFO] * number of parameters: 120922960
[2023-09-25 21:47:57,142 INFO] Trainable parameters = {'torch.float32': 120922960, 'torch.float16': 0, 'torch.uint8': 0, 'torch.int8': 0}
[2023-09-25 21:47:57,143 INFO] Non trainable parameters = {'torch.float32': 0, 'torch.float16': 0, 'torch.uint8': 0, 'torch.int8': 0}
[2023-09-25 21:47:57,143 INFO]  * src vocab size = 50000
[2023-09-25 21:47:57,143 INFO]  * tgt vocab size = 50000
[2023-09-26 08:44:12,481 WARNING] Corpus corpus_1's weight should be given. We default it to 1 for you.
[2023-09-26 08:44:13,212 INFO] Parsed 2 corpora from -data.
[2023-09-26 08:44:13,213 INFO] Get special vocabs from Transforms: {'src': [], 'tgt': []}.
[2023-09-26 08:44:14,983 INFO] The first 10 tokens of the vocabs are:['<unk>', '<blank>', '<s>', '</s>', '▁', '▁de', '-', 's', '▁van', '▁het']
[2023-09-26 08:44:14,984 INFO] The decoder start token is: <s>
[2023-09-26 08:44:14,985 INFO] Building model...
[2023-09-26 08:44:16,934 INFO] Switching model to float32 for amp/apex_amp
[2023-09-26 08:44:16,935 INFO] Non quantized layer compute is fp16
[2023-09-26 08:44:17,193 INFO] NMTModel(
  (encoder): TransformerEncoder(
    (embeddings): Embeddings(
      (make_embedding): Sequential(
        (emb_luts): Elementwise(
          (0): Embedding(50000, 512, padding_idx=1)
        )
        (pe): PositionalEncoding()
      )
      (dropout): Dropout(p=0.1, inplace=False)
    )
    (transformer): ModuleList(
      (0-5): 6 x TransformerEncoderLayer(
        (self_attn): MultiHeadedAttention(
          (linear_keys): Linear(in_features=512, out_features=512, bias=False)
          (linear_values): Linear(in_features=512, out_features=512, bias=False)
          (linear_query): Linear(in_features=512, out_features=512, bias=False)
          (softmax): Softmax(dim=-1)
          (dropout): Dropout(p=0.1, inplace=False)
          (final_linear): Linear(in_features=512, out_features=512, bias=False)
        )
        (feed_forward): PositionwiseFeedForward(
          (w_1): Linear(in_features=512, out_features=2048, bias=False)
          (w_2): Linear(in_features=2048, out_features=512, bias=False)
          (layer_norm): LayerNorm((512,), eps=1e-06, elementwise_affine=True)
          (dropout_1): Dropout(p=0.1, inplace=False)
          (dropout_2): Dropout(p=0.1, inplace=False)
        )
        (layer_norm): LayerNorm((512,), eps=1e-06, elementwise_affine=True)
        (dropout): Dropout(p=0.1, inplace=False)
      )
    )
    (layer_norm): LayerNorm((512,), eps=1e-06, elementwise_affine=True)
  )
  (decoder): TransformerDecoder(
    (embeddings): Embeddings(
      (make_embedding): Sequential(
        (emb_luts): Elementwise(
          (0): Embedding(50000, 512, padding_idx=1)
        )
        (pe): PositionalEncoding()
      )
      (dropout): Dropout(p=0.1, inplace=False)
    )
    (layer_norm): LayerNorm((512,), eps=1e-06, elementwise_affine=True)
    (transformer_layers): ModuleList(
      (0-5): 6 x TransformerDecoderLayer(
        (self_attn): MultiHeadedAttention(
          (linear_keys): Linear(in_features=512, out_features=512, bias=False)
          (linear_values): Linear(in_features=512, out_features=512, bias=False)
          (linear_query): Linear(in_features=512, out_features=512, bias=False)
          (softmax): Softmax(dim=-1)
          (dropout): Dropout(p=0.1, inplace=False)
          (final_linear): Linear(in_features=512, out_features=512, bias=False)
        )
        (feed_forward): PositionwiseFeedForward(
          (w_1): Linear(in_features=512, out_features=2048, bias=False)
          (w_2): Linear(in_features=2048, out_features=512, bias=False)
          (layer_norm): LayerNorm((512,), eps=1e-06, elementwise_affine=True)
          (dropout_1): Dropout(p=0.1, inplace=False)
          (dropout_2): Dropout(p=0.1, inplace=False)
        )
        (layer_norm_1): LayerNorm((512,), eps=1e-06, elementwise_affine=True)
        (dropout): Dropout(p=0.1, inplace=False)
        (context_attn): MultiHeadedAttention(
          (linear_keys): Linear(in_features=512, out_features=512, bias=False)
          (linear_values): Linear(in_features=512, out_features=512, bias=False)
          (linear_query): Linear(in_features=512, out_features=512, bias=False)
          (softmax): Softmax(dim=-1)
          (dropout): Dropout(p=0.1, inplace=False)
          (final_linear): Linear(in_features=512, out_features=512, bias=False)
        )
        (layer_norm_2): LayerNorm((512,), eps=1e-06, elementwise_affine=True)
      )
    )
  )
  (generator): Linear(in_features=512, out_features=50000, bias=True)
)
[2023-09-26 08:44:17,196 INFO] encoder: 44487680
[2023-09-26 08:44:17,196 INFO] decoder: 76435280
[2023-09-26 08:44:17,196 INFO] * number of parameters: 120922960
[2023-09-26 08:44:17,198 INFO] Trainable parameters = {'torch.float32': 120922960, 'torch.float16': 0, 'torch.uint8': 0, 'torch.int8': 0}
[2023-09-26 08:44:17,198 INFO] Non trainable parameters = {'torch.float32': 0, 'torch.float16': 0, 'torch.uint8': 0, 'torch.int8': 0}
[2023-09-26 08:44:17,198 INFO]  * src vocab size = 50000
[2023-09-26 08:44:17,198 INFO]  * tgt vocab size = 50000
[2023-09-27 12:01:55,746 WARNING] Corpus corpus_1's weight should be given. We default it to 1 for you.
[2023-09-27 12:01:56,286 INFO] Parsed 2 corpora from -data.
[2023-09-27 12:01:56,287 INFO] Get special vocabs from Transforms: {'src': [], 'tgt': []}.
[2023-09-27 12:01:57,933 INFO] The first 10 tokens of the vocabs are:['<unk>', '<blank>', '<s>', '</s>', '▁', '▁de', '-', 's', '▁van', '▁het']
[2023-09-27 12:01:57,934 INFO] The decoder start token is: <s>
[2023-09-27 12:01:57,935 INFO] Building model...
[2023-09-27 12:02:00,501 INFO] Switching model to float32 for amp/apex_amp
[2023-09-27 12:02:00,502 INFO] Non quantized layer compute is fp16
[2023-09-27 12:02:00,920 INFO] NMTModel(
  (encoder): TransformerEncoder(
    (embeddings): Embeddings(
      (make_embedding): Sequential(
        (emb_luts): Elementwise(
          (0): Embedding(50000, 512, padding_idx=1)
        )
        (pe): PositionalEncoding()
      )
      (dropout): Dropout(p=0.1, inplace=False)
    )
    (transformer): ModuleList(
      (0-5): 6 x TransformerEncoderLayer(
        (self_attn): MultiHeadedAttention(
          (linear_keys): Linear(in_features=512, out_features=512, bias=False)
          (linear_values): Linear(in_features=512, out_features=512, bias=False)
          (linear_query): Linear(in_features=512, out_features=512, bias=False)
          (softmax): Softmax(dim=-1)
          (dropout): Dropout(p=0.1, inplace=False)
          (final_linear): Linear(in_features=512, out_features=512, bias=False)
        )
        (feed_forward): PositionwiseFeedForward(
          (w_1): Linear(in_features=512, out_features=2048, bias=False)
          (w_2): Linear(in_features=2048, out_features=512, bias=False)
          (layer_norm): LayerNorm((512,), eps=1e-06, elementwise_affine=True)
          (dropout_1): Dropout(p=0.1, inplace=False)
          (dropout_2): Dropout(p=0.1, inplace=False)
        )
        (layer_norm): LayerNorm((512,), eps=1e-06, elementwise_affine=True)
        (dropout): Dropout(p=0.1, inplace=False)
      )
    )
    (layer_norm): LayerNorm((512,), eps=1e-06, elementwise_affine=True)
  )
  (decoder): TransformerDecoder(
    (embeddings): Embeddings(
      (make_embedding): Sequential(
        (emb_luts): Elementwise(
          (0): Embedding(50000, 512, padding_idx=1)
        )
        (pe): PositionalEncoding()
      )
      (dropout): Dropout(p=0.1, inplace=False)
    )
    (layer_norm): LayerNorm((512,), eps=1e-06, elementwise_affine=True)
    (transformer_layers): ModuleList(
      (0-5): 6 x TransformerDecoderLayer(
        (self_attn): MultiHeadedAttention(
          (linear_keys): Linear(in_features=512, out_features=512, bias=False)
          (linear_values): Linear(in_features=512, out_features=512, bias=False)
          (linear_query): Linear(in_features=512, out_features=512, bias=False)
          (softmax): Softmax(dim=-1)
          (dropout): Dropout(p=0.1, inplace=False)
          (final_linear): Linear(in_features=512, out_features=512, bias=False)
        )
        (feed_forward): PositionwiseFeedForward(
          (w_1): Linear(in_features=512, out_features=2048, bias=False)
          (w_2): Linear(in_features=2048, out_features=512, bias=False)
          (layer_norm): LayerNorm((512,), eps=1e-06, elementwise_affine=True)
          (dropout_1): Dropout(p=0.1, inplace=False)
          (dropout_2): Dropout(p=0.1, inplace=False)
        )
        (layer_norm_1): LayerNorm((512,), eps=1e-06, elementwise_affine=True)
        (dropout): Dropout(p=0.1, inplace=False)
        (context_attn): MultiHeadedAttention(
          (linear_keys): Linear(in_features=512, out_features=512, bias=False)
          (linear_values): Linear(in_features=512, out_features=512, bias=False)
          (linear_query): Linear(in_features=512, out_features=512, bias=False)
          (softmax): Softmax(dim=-1)
          (dropout): Dropout(p=0.1, inplace=False)
          (final_linear): Linear(in_features=512, out_features=512, bias=False)
        )
        (layer_norm_2): LayerNorm((512,), eps=1e-06, elementwise_affine=True)
      )
    )
  )
  (generator): Linear(in_features=512, out_features=50000, bias=True)
)
[2023-09-27 12:02:00,925 INFO] encoder: 44487680
[2023-09-27 12:02:00,926 INFO] decoder: 76435280
[2023-09-27 12:02:00,926 INFO] * number of parameters: 120922960
[2023-09-27 12:02:00,928 INFO] Trainable parameters = {'torch.float32': 120922960, 'torch.float16': 0, 'torch.uint8': 0, 'torch.int8': 0}
[2023-09-27 12:02:00,928 INFO] Non trainable parameters = {'torch.float32': 0, 'torch.float16': 0, 'torch.uint8': 0, 'torch.int8': 0}
[2023-09-27 12:02:00,928 INFO]  * src vocab size = 50000
[2023-09-27 12:02:00,928 INFO]  * tgt vocab size = 50000
[2023-09-27 17:47:57,734 WARNING] Corpus corpus_1's weight should be given. We default it to 1 for you.
[2023-09-27 17:47:58,114 INFO] Parsed 2 corpora from -data.
[2023-09-27 17:47:58,114 INFO] Get special vocabs from Transforms: {'src': [], 'tgt': []}.
[2023-09-27 17:47:59,881 INFO] The first 10 tokens of the vocabs are:['<unk>', '<blank>', '<s>', '</s>', '▁', '▁de', '-', 's', '▁van', '▁het']
[2023-09-27 17:47:59,883 INFO] The decoder start token is: <s>
[2023-09-27 17:47:59,883 INFO] Building model...
[2023-09-27 17:48:01,632 INFO] Switching model to float32 for amp/apex_amp
[2023-09-27 17:48:01,633 INFO] Non quantized layer compute is fp16
[2023-09-27 17:48:01,894 INFO] NMTModel(
  (encoder): TransformerEncoder(
    (embeddings): Embeddings(
      (make_embedding): Sequential(
        (emb_luts): Elementwise(
          (0): Embedding(50000, 512, padding_idx=1)
        )
        (pe): PositionalEncoding()
      )
      (dropout): Dropout(p=0.1, inplace=False)
    )
    (transformer): ModuleList(
      (0-5): 6 x TransformerEncoderLayer(
        (self_attn): MultiHeadedAttention(
          (linear_keys): Linear(in_features=512, out_features=512, bias=False)
          (linear_values): Linear(in_features=512, out_features=512, bias=False)
          (linear_query): Linear(in_features=512, out_features=512, bias=False)
          (softmax): Softmax(dim=-1)
          (dropout): Dropout(p=0.1, inplace=False)
          (final_linear): Linear(in_features=512, out_features=512, bias=False)
        )
        (feed_forward): PositionwiseFeedForward(
          (w_1): Linear(in_features=512, out_features=2048, bias=False)
          (w_2): Linear(in_features=2048, out_features=512, bias=False)
          (layer_norm): LayerNorm((512,), eps=1e-06, elementwise_affine=True)
          (dropout_1): Dropout(p=0.1, inplace=False)
          (dropout_2): Dropout(p=0.1, inplace=False)
        )
        (layer_norm): LayerNorm((512,), eps=1e-06, elementwise_affine=True)
        (dropout): Dropout(p=0.1, inplace=False)
      )
    )
    (layer_norm): LayerNorm((512,), eps=1e-06, elementwise_affine=True)
  )
  (decoder): TransformerDecoder(
    (embeddings): Embeddings(
      (make_embedding): Sequential(
        (emb_luts): Elementwise(
          (0): Embedding(50000, 512, padding_idx=1)
        )
        (pe): PositionalEncoding()
      )
      (dropout): Dropout(p=0.1, inplace=False)
    )
    (layer_norm): LayerNorm((512,), eps=1e-06, elementwise_affine=True)
    (transformer_layers): ModuleList(
      (0-5): 6 x TransformerDecoderLayer(
        (self_attn): MultiHeadedAttention(
          (linear_keys): Linear(in_features=512, out_features=512, bias=False)
          (linear_values): Linear(in_features=512, out_features=512, bias=False)
          (linear_query): Linear(in_features=512, out_features=512, bias=False)
          (softmax): Softmax(dim=-1)
          (dropout): Dropout(p=0.1, inplace=False)
          (final_linear): Linear(in_features=512, out_features=512, bias=False)
        )
        (feed_forward): PositionwiseFeedForward(
          (w_1): Linear(in_features=512, out_features=2048, bias=False)
          (w_2): Linear(in_features=2048, out_features=512, bias=False)
          (layer_norm): LayerNorm((512,), eps=1e-06, elementwise_affine=True)
          (dropout_1): Dropout(p=0.1, inplace=False)
          (dropout_2): Dropout(p=0.1, inplace=False)
        )
        (layer_norm_1): LayerNorm((512,), eps=1e-06, elementwise_affine=True)
        (dropout): Dropout(p=0.1, inplace=False)
        (context_attn): MultiHeadedAttention(
          (linear_keys): Linear(in_features=512, out_features=512, bias=False)
          (linear_values): Linear(in_features=512, out_features=512, bias=False)
          (linear_query): Linear(in_features=512, out_features=512, bias=False)
          (softmax): Softmax(dim=-1)
          (dropout): Dropout(p=0.1, inplace=False)
          (final_linear): Linear(in_features=512, out_features=512, bias=False)
        )
        (layer_norm_2): LayerNorm((512,), eps=1e-06, elementwise_affine=True)
      )
    )
  )
  (generator): Linear(in_features=512, out_features=50000, bias=True)
)
[2023-09-27 17:48:01,897 INFO] encoder: 44487680
[2023-09-27 17:48:01,898 INFO] decoder: 76435280
[2023-09-27 17:48:01,898 INFO] * number of parameters: 120922960
[2023-09-27 17:48:01,899 INFO] Trainable parameters = {'torch.float32': 120922960, 'torch.float16': 0, 'torch.uint8': 0, 'torch.int8': 0}
[2023-09-27 17:48:01,899 INFO] Non trainable parameters = {'torch.float32': 0, 'torch.float16': 0, 'torch.uint8': 0, 'torch.int8': 0}
[2023-09-27 17:48:01,899 INFO]  * src vocab size = 50000
[2023-09-27 17:48:01,899 INFO]  * tgt vocab size = 50000
[2023-10-03 17:06:47,344 WARNING] Corpus corpus_1's weight should be given. We default it to 1 for you.
[2023-10-03 17:06:47,663 INFO] Parsed 2 corpora from -data.
[2023-10-03 17:06:47,664 INFO] Get special vocabs from Transforms: {'src': [], 'tgt': []}.
[2023-10-03 17:06:48,832 INFO] The first 10 tokens of the vocabs are:['<unk>', '<blank>', '<s>', '</s>', '▁', '▁de', '-', 's', '▁van', '▁het']
[2023-10-03 17:06:48,833 INFO] The decoder start token is: <s>
[2023-10-03 17:06:48,833 INFO] Building model...
[2023-10-03 17:06:50,432 INFO] Switching model to float32 for amp/apex_amp
[2023-10-03 17:06:50,432 INFO] Non quantized layer compute is fp16
[2023-10-03 17:06:50,799 INFO] NMTModel(
  (encoder): TransformerEncoder(
    (embeddings): Embeddings(
      (make_embedding): Sequential(
        (emb_luts): Elementwise(
          (0): Embedding(50000, 512, padding_idx=1)
        )
        (pe): PositionalEncoding()
      )
      (dropout): Dropout(p=0.1, inplace=False)
    )
    (transformer): ModuleList(
      (0-5): 6 x TransformerEncoderLayer(
        (self_attn): MultiHeadedAttention(
          (linear_keys): Linear(in_features=512, out_features=512, bias=False)
          (linear_values): Linear(in_features=512, out_features=512, bias=False)
          (linear_query): Linear(in_features=512, out_features=512, bias=False)
          (softmax): Softmax(dim=-1)
          (dropout): Dropout(p=0.1, inplace=False)
          (final_linear): Linear(in_features=512, out_features=512, bias=False)
        )
        (feed_forward): PositionwiseFeedForward(
          (w_1): Linear(in_features=512, out_features=2048, bias=False)
          (w_2): Linear(in_features=2048, out_features=512, bias=False)
          (layer_norm): LayerNorm((512,), eps=1e-06, elementwise_affine=True)
          (dropout_1): Dropout(p=0.1, inplace=False)
          (dropout_2): Dropout(p=0.1, inplace=False)
        )
        (layer_norm): LayerNorm((512,), eps=1e-06, elementwise_affine=True)
        (dropout): Dropout(p=0.1, inplace=False)
      )
    )
    (layer_norm): LayerNorm((512,), eps=1e-06, elementwise_affine=True)
  )
  (decoder): TransformerDecoder(
    (embeddings): Embeddings(
      (make_embedding): Sequential(
        (emb_luts): Elementwise(
          (0): Embedding(50000, 512, padding_idx=1)
        )
        (pe): PositionalEncoding()
      )
      (dropout): Dropout(p=0.1, inplace=False)
    )
    (layer_norm): LayerNorm((512,), eps=1e-06, elementwise_affine=True)
    (transformer_layers): ModuleList(
      (0-5): 6 x TransformerDecoderLayer(
        (self_attn): MultiHeadedAttention(
          (linear_keys): Linear(in_features=512, out_features=512, bias=False)
          (linear_values): Linear(in_features=512, out_features=512, bias=False)
          (linear_query): Linear(in_features=512, out_features=512, bias=False)
          (softmax): Softmax(dim=-1)
          (dropout): Dropout(p=0.1, inplace=False)
          (final_linear): Linear(in_features=512, out_features=512, bias=False)
        )
        (feed_forward): PositionwiseFeedForward(
          (w_1): Linear(in_features=512, out_features=2048, bias=False)
          (w_2): Linear(in_features=2048, out_features=512, bias=False)
          (layer_norm): LayerNorm((512,), eps=1e-06, elementwise_affine=True)
          (dropout_1): Dropout(p=0.1, inplace=False)
          (dropout_2): Dropout(p=0.1, inplace=False)
        )
        (layer_norm_1): LayerNorm((512,), eps=1e-06, elementwise_affine=True)
        (dropout): Dropout(p=0.1, inplace=False)
        (context_attn): MultiHeadedAttention(
          (linear_keys): Linear(in_features=512, out_features=512, bias=False)
          (linear_values): Linear(in_features=512, out_features=512, bias=False)
          (linear_query): Linear(in_features=512, out_features=512, bias=False)
          (softmax): Softmax(dim=-1)
          (dropout): Dropout(p=0.1, inplace=False)
          (final_linear): Linear(in_features=512, out_features=512, bias=False)
        )
        (layer_norm_2): LayerNorm((512,), eps=1e-06, elementwise_affine=True)
      )
    )
  )
  (generator): Linear(in_features=512, out_features=50000, bias=True)
)
[2023-10-03 17:06:50,803 INFO] encoder: 44487680
[2023-10-03 17:06:50,803 INFO] decoder: 76435280
[2023-10-03 17:06:50,803 INFO] * number of parameters: 120922960
[2023-10-03 17:06:50,804 INFO] Trainable parameters = {'torch.float32': 120922960, 'torch.float16': 0, 'torch.uint8': 0, 'torch.int8': 0}
[2023-10-03 17:06:50,804 INFO] Non trainable parameters = {'torch.float32': 0, 'torch.float16': 0, 'torch.uint8': 0, 'torch.int8': 0}
[2023-10-03 17:06:50,804 INFO]  * src vocab size = 50000
[2023-10-03 17:06:50,804 INFO]  * tgt vocab size = 50000
